<?xml version="1.0" encoding="UTF-8"?>
<testsuite name="requests.PostRegister" tests="6" skipped="0" failures="0" errors="0" timestamp="2022-08-29T14:27:25" hostname="ZUP-5197" time="4.709">
  <properties/>
  <testcase name="registerSuccess()" classname="requests.PostRegister" time="0.733"/>
  <testcase name="register01Test()" classname="requests.PostRegister" time="0.805"/>
  <testcase name="register02Test()" classname="requests.PostRegister" time="0.814"/>
  <testcase name="register03Test()" classname="requests.PostRegister" time="0.815"/>
  <testcase name="registerUnsuccessful()" classname="requests.PostRegister" time="0.705"/>
  <testcase name="registerNotFound()" classname="requests.PostRegister" time="0.829"/>
  <system-out><![CDATA[HTTP/1.1 200 OK
Date: Mon, 29 Aug 2022 14:27:26 GMT
Content-Type: application/json; charset=utf-8
Content-Length: 36
Connection: keep-alive
X-Powered-By: Express
Access-Control-Allow-Origin: *
Etag: W/"24-4iP0za1geN2he+ohu8F0FhCjLks"
Via: 1.1 vegur
CF-Cache-Status: DYNAMIC
Expect-CT: max-age=604800, report-uri="https://report-uri.cloudflare.com/cdn-cgi/beacon/expect-ct"
Report-To: {"endpoints":[{"url":"https:\/\/a.nel.cloudflare.com\/report\/v3?s=63EiOin3z%2FTc0%2B5cUAPJKHZ0ys510QepkQ96M8Pgp8KUruBGIXzEXENuzTVeSSpJidq93hN4wXOsmYoTdGX0AMNpRJX18i3%2FFDIp%2Fd5bVxnuihmIRwZ%2BKODg3w%3D%3D"}],"group":"cf-nel","max_age":604800}
NEL: {"success_fraction":0,"report_to":"cf-nel","max_age":604800}
Server: cloudflare
CF-RAY: 7425f7a9186f8e00-MIA

{
    "id": 4,
    "token": "QpwL5tke4Pnpja7X4"
}
HTTP/1.1 200 OK
Date: Mon, 29 Aug 2022 14:27:27 GMT
Content-Type: application/json; charset=utf-8
Content-Length: 36
Connection: keep-alive
X-Powered-By: Express
Access-Control-Allow-Origin: *
Etag: W/"24-4iP0za1geN2he+ohu8F0FhCjLks"
Via: 1.1 vegur
CF-Cache-Status: DYNAMIC
Expect-CT: max-age=604800, report-uri="https://report-uri.cloudflare.com/cdn-cgi/beacon/expect-ct"
Report-To: {"endpoints":[{"url":"https:\/\/a.nel.cloudflare.com\/report\/v3?s=M3c3XJ9xXyVNlx16Kd%2BHLMsIAXbEOnGFD%2FEcPA5uZIoQZWdv4y1k%2BDtuKZ3b13VwToY%2BDn8yRs6c3YE3Jug7AL6%2F%2B3JoqK5%2FdlrGzjARn49gWz5W7CITbkas%2Bw%3D%3D"}],"group":"cf-nel","max_age":604800}
NEL: {"success_fraction":0,"report_to":"cf-nel","max_age":604800}
Server: cloudflare
CF-RAY: 7425f7adac95db29-MIA

{
    "id": 4,
    "token": "QpwL5tke4Pnpja7X4"
}
HTTP/1.1 200 OK
Date: Mon, 29 Aug 2022 14:27:28 GMT
Content-Type: application/json; charset=utf-8
Content-Length: 36
Connection: keep-alive
X-Powered-By: Express
Access-Control-Allow-Origin: *
Etag: W/"24-4iP0za1geN2he+ohu8F0FhCjLks"
Via: 1.1 vegur
CF-Cache-Status: DYNAMIC
Expect-CT: max-age=604800, report-uri="https://report-uri.cloudflare.com/cdn-cgi/beacon/expect-ct"
Report-To: {"endpoints":[{"url":"https:\/\/a.nel.cloudflare.com\/report\/v3?s=%2FIKsxviN3Ti4jvsd3Kih9Cr7wY21KLRP0uLxf6CxDP5AQL3PdLwdMlmPE1YAYn%2BPLq%2FHF%2Bq0gdUI9v6RPon7QsnSylHZIto6ztdhOQaxAn%2FYZX0Q9YCdr%2FLqdg%3D%3D"}],"group":"cf-nel","max_age":604800}
NEL: {"success_fraction":0,"report_to":"cf-nel","max_age":604800}
Server: cloudflare
CF-RAY: 7425f7b28f3a21f1-MIA

{
    "id": 4,
    "token": "QpwL5tke4Pnpja7X4"
}
HTTP/1.1 200 OK
Date: Mon, 29 Aug 2022 14:27:28 GMT
Content-Type: application/json; charset=utf-8
Content-Length: 36
Connection: keep-alive
X-Powered-By: Express
Access-Control-Allow-Origin: *
Etag: W/"24-4iP0za1geN2he+ohu8F0FhCjLks"
Via: 1.1 vegur
CF-Cache-Status: DYNAMIC
Expect-CT: max-age=604800, report-uri="https://report-uri.cloudflare.com/cdn-cgi/beacon/expect-ct"
Report-To: {"endpoints":[{"url":"https:\/\/a.nel.cloudflare.com\/report\/v3?s=dewCc%2FD8cFbe2ZGeRQSexEMqNwewLzTfT6D8yNBXWyGla8tKJ%2FB7CfsM1xXn6FQZ6oq86pB2wUSKv8vxn7bs3I88C6hIeSzEbP6iHdp46ynXBlQ1CSS%2F%2F4jqqA%3D%3D"}],"group":"cf-nel","max_age":604800}
NEL: {"success_fraction":0,"report_to":"cf-nel","max_age":604800}
Server: cloudflare
CF-RAY: 7425f7b7b800db1d-MIA

{
    "id": 4,
    "token": "QpwL5tke4Pnpja7X4"
}
HTTP/1.1 400 Bad Request
Date: Mon, 29 Aug 2022 14:27:29 GMT
Content-Type: application/json; charset=utf-8
Content-Length: 28
Connection: keep-alive
X-Powered-By: Express
Access-Control-Allow-Origin: *
Etag: W/"1c-NmpazMScs9tOqR7eDEesn+pqC9Q"
Via: 1.1 vegur
CF-Cache-Status: DYNAMIC
Expect-CT: max-age=604800, report-uri="https://report-uri.cloudflare.com/cdn-cgi/beacon/expect-ct"
Report-To: {"endpoints":[{"url":"https:\/\/a.nel.cloudflare.com\/report\/v3?s=3nRbB95ykIr%2FK%2BGq8tYctcNozH8Cw7%2FHLAek2g9F%2Fxq41LpL%2FhdaQR9Wq%2BR4sa1CJsc0cNF0eapE9gk3n5zxIHvU4v50IIEUqAlZp8u5lNxcLi90460K7eNvyQ%3D%3D"}],"group":"cf-nel","max_age":604800}
NEL: {"success_fraction":0,"report_to":"cf-nel","max_age":604800}
Server: cloudflare
CF-RAY: 7425f7bccb6d9ac0-MIA

{
    "error": "Missing password"
}
HTTP/1.1 400 Bad Request
Date: Mon, 29 Aug 2022 14:27:30 GMT
Content-Type: application/json; charset=utf-8
Content-Length: 57
Connection: keep-alive
X-Powered-By: Express
Access-Control-Allow-Origin: *
Etag: W/"39-6jrJxn+7f+pQUhbPgNMst7tagpA"
Via: 1.1 vegur
CF-Cache-Status: DYNAMIC
Expect-CT: max-age=604800, report-uri="https://report-uri.cloudflare.com/cdn-cgi/beacon/expect-ct"
Report-To: {"endpoints":[{"url":"https:\/\/a.nel.cloudflare.com\/report\/v3?s=Tmut2vrGIRaoTFWeTNpYR6jjwK5L2iX%2Bxik9GfYV8KzdSGhWEVSVKl3h8%2BuHRs3vsdIDPw89giX9BYXN6Iy3nHJ97ZfAVRnVL5gjG4OViPpgOEvCgnEttOu97g%3D%3D"}],"group":"cf-nel","max_age":604800}
NEL: {"success_fraction":0,"report_to":"cf-nel","max_age":604800}
Server: cloudflare
CF-RAY: 7425f7c14c336da3-MIA

{
    "error": "Note: Only defined users succeed registration"
}
]]></system-out>
  <system-err><![CDATA[]]></system-err>
</testsuite>
