<?xml version="1.0" encoding="UTF-8"?>
<testsuite name="requests.PostLogin" tests="4" skipped="0" failures="0" errors="0" timestamp="2022-08-29T14:27:22" hostname="ZUP-5197" time="3.816">
  <properties/>
  <testcase name="loginInvalidPassword()" classname="requests.PostLogin" time="1.094"/>
  <testcase name="loginPasswordNull()" classname="requests.PostLogin" time="0.893"/>
  <testcase name="loginUserNotFound()" classname="requests.PostLogin" time="0.832"/>
  <testcase name="loginSuccess()" classname="requests.PostLogin" time="0.995"/>
  <system-out><![CDATA[HTTP/1.1 200 OK
Date: Mon, 29 Aug 2022 14:27:22 GMT
Content-Type: application/json; charset=utf-8
Content-Length: 29
Connection: keep-alive
X-Powered-By: Express
Access-Control-Allow-Origin: *
Etag: W/"1d-lGCrvD6B7Qzk11+2C98+nGhhuec"
Via: 1.1 vegur
CF-Cache-Status: DYNAMIC
Expect-CT: max-age=604800, report-uri="https://report-uri.cloudflare.com/cdn-cgi/beacon/expect-ct"
Report-To: {"endpoints":[{"url":"https:\/\/a.nel.cloudflare.com\/report\/v3?s=blj2xpkXnNcDLmMKPpMTVCWjFdoalkcNLDd4VqHnOwujQSd5sVcflFO25TY7fnuQMJz2pNjKjnGqnPnx3OPQ5ZfnKkq2lulUlQTJHtFchSFObAK%2BvxZyEfjWcA%3D%3D"}],"group":"cf-nel","max_age":604800}
NEL: {"success_fraction":0,"report_to":"cf-nel","max_age":604800}
Server: cloudflare
CF-RAY: 7425f7927cb9daf5-MIA

{
    "token": "QpwL5tke4Pnpja7X4"
}
HTTP/1.1 400 Bad Request
Date: Mon, 29 Aug 2022 14:27:23 GMT
Content-Type: application/json; charset=utf-8
Content-Length: 28
Connection: keep-alive
X-Powered-By: Express
Access-Control-Allow-Origin: *
Etag: W/"1c-NmpazMScs9tOqR7eDEesn+pqC9Q"
Via: 1.1 vegur
CF-Cache-Status: DYNAMIC
Expect-CT: max-age=604800, report-uri="https://report-uri.cloudflare.com/cdn-cgi/beacon/expect-ct"
Report-To: {"endpoints":[{"url":"https:\/\/a.nel.cloudflare.com\/report\/v3?s=WMkng0mUhNdR%2BIf3SLzPqxqmdqlc68FFzpOFf%2B%2F%2Fx%2FFJ2Ih%2B9qfe%2BM6IFVhy3JmAZkn0e3U1rGLdnP4P9O5Ui3i9GJ5LBb6Dt5QqMIryj6X3jS1aatdqp7Mwtg%3D%3D"}],"group":"cf-nel","max_age":604800}
NEL: {"success_fraction":0,"report_to":"cf-nel","max_age":604800}
Server: cloudflare
CF-RAY: 7425f7983b393711-MIA

{
    "error": "Missing password"
}
HTTP/1.1 400 Bad Request
Date: Mon, 29 Aug 2022 14:27:24 GMT
Content-Type: application/json; charset=utf-8
Content-Length: 26
Connection: keep-alive
X-Powered-By: Express
Access-Control-Allow-Origin: *
Etag: W/"1a-EGIcyP6BIiCXl5Gb1aph5CGf4VQ"
Via: 1.1 vegur
CF-Cache-Status: DYNAMIC
Expect-CT: max-age=604800, report-uri="https://report-uri.cloudflare.com/cdn-cgi/beacon/expect-ct"
Report-To: {"endpoints":[{"url":"https:\/\/a.nel.cloudflare.com\/report\/v3?s=uPBVnEFsG6QZllapjtT0QEWsNNqeoaFLcT3tMMB0PiFPti%2Bdmax9ngswL31j5%2FCDZJknJHFGFSzli5NQ7V4y%2BaIDG9CrLwGLUUu4mKpW5FKVNJkBfCwrlGpFVw%3D%3D"}],"group":"cf-nel","max_age":604800}
NEL: {"success_fraction":0,"report_to":"cf-nel","max_age":604800}
Server: cloudflare
CF-RAY: 7425f79da8a39abd-MIA

{
    "error": "user not found"
}
HTTP/1.1 200 OK
Date: Mon, 29 Aug 2022 14:27:25 GMT
Content-Type: application/json; charset=utf-8
Content-Length: 29
Connection: keep-alive
X-Powered-By: Express
Access-Control-Allow-Origin: *
Etag: W/"1d-lGCrvD6B7Qzk11+2C98+nGhhuec"
Via: 1.1 vegur
CF-Cache-Status: DYNAMIC
Expect-CT: max-age=604800, report-uri="https://report-uri.cloudflare.com/cdn-cgi/beacon/expect-ct"
Report-To: {"endpoints":[{"url":"https:\/\/a.nel.cloudflare.com\/report\/v3?s=Je4VofYAMgsn0HLYoI9tXnA1AjF4EistuW79xeJ%2FsaHIsQMeVKEaVE48qVR0pwkoBRRhBu5e1KDtajR33u0QBbm3nVCQaLJyFudTvL5sIYLfe2rpjWDzpFaDtg%3D%3D"}],"group":"cf-nel","max_age":604800}
NEL: {"success_fraction":0,"report_to":"cf-nel","max_age":604800}
Server: cloudflare
CF-RAY: 7425f7a3fd0c6d9e-MIA

{
    "token": "QpwL5tke4Pnpja7X4"
}
]]></system-out>
  <system-err><![CDATA[]]></system-err>
</testsuite>
